<testsuites>
  <errors>0</errors>
  <failures>0</failures>
  <tests>47</tests>
  <testsuite>
    <name>full</name>
    <tests>45</tests>
    <skipped>45</skipped>
    <errors>0</errors>
    <failures>0</failures>
    <testcase>
      <name>tnVzBrCPName</name>
      <classname>fvRsProv</classname>
      <skipped></skipped>
    </testcase>
    <testcase>
      <name>encap</name>
      <classname>fvStCEp</classname>
      <skipped></skipped>
    </testcase>
    <testcase>
      <name>id</name>
      <classname>fvStCEp</classname>
      <skipped></skipped>
    </testcase>
    <testcase>
      <name>ip</name>
      <classname>fvStCEp</classname>
      <skipped></skipped>
    </testcase>
    <testcase>
      <name>mac</name>
      <classname>fvStCEp</classname>
      <skipped></skipped>
    </testcase>
    <testcase>
      <name>name</name>
      <classname>fvStCEp</classname>
      <skipped></skipped>
    </testcase>
    <testcase>
      <name>nameAlias</name>
      <classname>fvStCEp</classname>
      <skipped></skipped>
    </testcase>
    <testcase>
      <name>type</name>
      <classname>fvStCEp</classname>
      <skipped></skipped>
    </testcase>
    <testcase>
      <name>tnVzBrCPName</name>
      <classname>fvRsIntraEpg</classname>
      <skipped></skipped>
    </testcase>
    <testcase>
      <name>tnVzCPIfName</name>
      <classname>fvRsConsIf</classname>
      <skipped></skipped>
    </testcase>
    <testcase>
      <name>tDn</name>
      <classname>fvRsStCEpToPathEp</classname>
      <skipped></skipped>
    </testcase>
    <testcase>
      <name>allowPromiscuous</name>
      <classname>vmmSecP</classname>
      <skipped></skipped>
    </testcase>
    <testcase>
      <name>forgedTransmits</name>
      <classname>vmmSecP</classname>
      <skipped></skipped>
    </testcase>
    <testcase>
      <name>macChanges</name>
      <classname>vmmSecP</classname>
      <skipped></skipped>
    </testcase>
    <testcase>
      <name>tnVzBrCPName</name>
      <classname>fvRsCons</classname>
      <skipped></skipped>
    </testcase>
    <testcase>
      <name>classPref</name>
      <classname>fvRsDomAtt_vmm</classname>
      <skipped></skipped>
    </testcase>
    <testcase>
      <name>customEpgName</name>
      <classname>fvRsDomAtt_vmm</classname>
      <skipped></skipped>
    </testcase>
    <testcase>
      <name>delimiter</name>
      <classname>fvRsDomAtt_vmm</classname>
      <skipped></skipped>
    </testcase>
    <testcase>
      <name>encap</name>
      <classname>fvRsDomAtt_vmm</classname>
      <skipped></skipped>
    </testcase>
    <testcase>
      <name>encapMode</name>
      <classname>fvRsDomAtt_vmm</classname>
      <skipped></skipped>
    </testcase>
    <testcase>
      <name>instrImedcy</name>
      <classname>fvRsDomAtt_vmm</classname>
      <skipped></skipped>
    </testcase>
    <testcase>
      <name>netflowPref</name>
      <classname>fvRsDomAtt_vmm</classname>
      <skipped></skipped>
    </testcase>
    <testcase>
      <name>primaryEncap</name>
      <classname>fvRsDomAtt_vmm</classname>
      <skipped></skipped>
    </testcase>
    <testcase>
      <name>resImedcy</name>
      <classname>fvRsDomAtt_vmm</classname>
      <skipped></skipped>
    </testcase>
    <testcase>
      <name>switchingMode</name>
      <classname>fvRsDomAtt_vmm</classname>
      <skipped></skipped>
    </testcase>
    <testcase>
      <name>tDn</name>
      <classname>fvRsDomAtt_vmm</classname>
      <skipped></skipped>
    </testcase>
    <testcase>
      <name>ctrl</name>
      <classname>fvSubnet</classname>
      <skipped></skipped>
    </testcase>
    <testcase>
      <name>descr</name>
      <classname>fvSubnet</classname>
      <skipped></skipped>
    </testcase>
    <testcase>
      <name>ip</name>
      <classname>fvSubnet</classname>
      <skipped></skipped>
    </testcase>
    <testcase>
      <name>scope</name>
      <classname>fvSubnet</classname>
      <skipped></skipped>
    </testcase>
    <testcase>
      <name>addr</name>
      <classname>fvStIp</classname>
      <skipped></skipped>
    </testcase>
    <testcase>
      <name>tDn</name>
      <classname>fvRsDomAtt</classname>
      <skipped></skipped>
    </testcase>
    <testcase>
      <name>tnQosCustomPolName</name>
      <classname>fvRsCustQosPol</classname>
      <skipped></skipped>
    </testcase>
    <testcase>
      <name>tnFvBDName</name>
      <classname>fvRsBd</classname>
      <skipped></skipped>
    </testcase>
    <testcase>
      <name>descr</name>
      <classname>fvAEPg</classname>
      <skipped></skipped>
    </testcase>
    <testcase>
      <name>floodOnEncap</name>
      <classname>fvAEPg</classname>
      <skipped></skipped>
    </testcase>
    <testcase>
      <name>name</name>
      <classname>fvAEPg</classname>
      <skipped></skipped>
    </testcase>
    <testcase>
      <name>nameAlias</name>
      <classname>fvAEPg</classname>
      <skipped></skipped>
    </testcase>
    <testcase>
      <name>pcEnfPref</name>
      <classname>fvAEPg</classname>
      <skipped></skipped>
    </testcase>
    <testcase>
      <name>prefGrMemb</name>
      <classname>fvAEPg</classname>
      <skipped></skipped>
    </testcase>
    <testcase>
      <name>prio</name>
      <classname>fvAEPg</classname>
      <skipped></skipped>
    </testcase>
    <testcase>
      <name>encap</name>
      <classname>fvRsPathAtt</classname>
      <skipped></skipped>
    </testcase>
    <testcase>
      <name>instrImedcy</name>
      <classname>fvRsPathAtt</classname>
      <skipped></skipped>
    </testcase>
    <testcase>
      <name>mode</name>
      <classname>fvRsPathAtt</classname>
      <skipped></skipped>
    </testcase>
    <testcase>
      <name>tDn</name>
      <classname>fvRsPathAtt</classname>
      <skipped></skipped>
    </testcase>
  </testsuite>
  <testsuite>
    <name>minimal</name>
    <tests>2</tests>
    <skipped>0</skipped>
    <errors>0</errors>
    <failures>0</failures>
    <testcase>
      <name>name</name>
      <classname>fvAEPg</classname>
    </testcase>
    <testcase>
      <name>tnFvBDName</name>
      <classname>fvRsBd</classname>
    </testcase>
  </testsuite>
</testsuites>